{"/home/jmu/Projects/unexpected-moment/lib/unexpected-moment.js":{"path":"/home/jmu/Projects/unexpected-moment/lib/unexpected-moment.js","s":{"1":1,"2":1,"3":1,"4":0,"5":0,"6":0,"7":0,"8":1,"9":1,"10":2,"11":885,"12":0,"13":0,"14":0,"15":0,"16":2,"17":2,"18":2,"19":12,"20":2,"21":12,"22":2,"23":9,"24":2,"25":77,"26":77,"27":77,"28":0,"29":0,"30":0,"31":0,"32":0,"33":0,"34":2,"35":19,"36":19,"37":2,"38":19,"39":19,"40":2,"41":19},"b":{"1":[1,0],"2":[0,0],"3":[0,0],"4":[0,0],"5":[885,738],"6":[0,0],"7":[77,4],"8":[0,77],"9":[0,0]},"f":{"1":1,"2":1,"3":2,"4":885,"5":0,"6":0,"7":0,"8":2,"9":12,"10":12,"11":9,"12":77,"13":0,"14":0,"15":19,"16":19,"17":19},"fnMap":{"1":{"name":"(anonymous_1)","line":1,"loc":{"start":{"line":1,"column":1},"end":{"line":1,"column":26}}},"2":{"name":"(anonymous_2)","line":11,"loc":{"start":{"line":11,"column":8},"end":{"line":11,"column":26}}},"3":{"name":"(anonymous_3)","line":17,"loc":{"start":{"line":17,"column":21},"end":{"line":17,"column":39}}},"4":{"name":"(anonymous_4)","line":21,"loc":{"start":{"line":21,"column":26},"end":{"line":21,"column":43}}},"5":{"name":"(anonymous_5)","line":24,"loc":{"start":{"line":24,"column":23},"end":{"line":24,"column":39}}},"6":{"name":"(anonymous_6)","line":27,"loc":{"start":{"line":27,"column":25},"end":{"line":27,"column":57}}},"7":{"name":"(anonymous_7)","line":34,"loc":{"start":{"line":34,"column":22},"end":{"line":34,"column":64}}},"8":{"name":"(anonymous_8)","line":39,"loc":{"start":{"line":39,"column":62},"end":{"line":39,"column":89}}},"9":{"name":"(anonymous_9)","line":43,"loc":{"start":{"line":43,"column":69},"end":{"line":43,"column":103}}},"10":{"name":"(anonymous_10)","line":47,"loc":{"start":{"line":47,"column":68},"end":{"line":47,"column":102}}},"11":{"name":"(anonymous_11)","line":51,"loc":{"start":{"line":51,"column":85},"end":{"line":51,"column":120}}},"12":{"name":"(anonymous_12)","line":55,"loc":{"start":{"line":55,"column":78},"end":{"line":55,"column":119}}},"13":{"name":"(anonymous_13)","line":61,"loc":{"start":{"line":61,"column":38},"end":{"line":61,"column":56}}},"14":{"name":"(anonymous_14)","line":68,"loc":{"start":{"line":68,"column":30},"end":{"line":68,"column":70}}},"15":{"name":"(anonymous_15)","line":75,"loc":{"start":{"line":75,"column":126},"end":{"line":75,"column":153}}},"16":{"name":"(anonymous_16)","line":80,"loc":{"start":{"line":80,"column":124},"end":{"line":80,"column":151}}},"17":{"name":"(anonymous_17)","line":85,"loc":{"start":{"line":85,"column":61},"end":{"line":85,"column":95}}}},"statementMap":{"1":{"start":{"line":1,"column":0},"end":{"line":91,"column":4}},"2":{"start":{"line":2,"column":4},"end":{"line":10,"column":5}},"3":{"start":{"line":3,"column":8},"end":{"line":3,"column":52}},"4":{"start":{"line":4,"column":11},"end":{"line":10,"column":5}},"5":{"start":{"line":5,"column":8},"end":{"line":5,"column":36}},"6":{"start":{"line":8,"column":8},"end":{"line":8,"column":40}},"7":{"start":{"line":9,"column":8},"end":{"line":9,"column":60}},"8":{"start":{"line":12,"column":4},"end":{"line":12,"column":50}},"9":{"start":{"line":14,"column":4},"end":{"line":90,"column":6}},"10":{"start":{"line":18,"column":12},"end":{"line":37,"column":15}},"11":{"start":{"line":22,"column":20},"end":{"line":22,"column":59}},"12":{"start":{"line":25,"column":20},"end":{"line":25,"column":39}},"13":{"start":{"line":28,"column":20},"end":{"line":28,"column":71}},"14":{"start":{"line":29,"column":20},"end":{"line":32,"column":35}},"15":{"start":{"line":35,"column":20},"end":{"line":35,"column":92}},"16":{"start":{"line":39,"column":12},"end":{"line":41,"column":15}},"17":{"start":{"line":40,"column":16},"end":{"line":40,"column":69}},"18":{"start":{"line":43,"column":12},"end":{"line":45,"column":15}},"19":{"start":{"line":44,"column":16},"end":{"line":44,"column":68}},"20":{"start":{"line":47,"column":12},"end":{"line":49,"column":15}},"21":{"start":{"line":48,"column":16},"end":{"line":48,"column":67}},"22":{"start":{"line":51,"column":12},"end":{"line":53,"column":15}},"23":{"start":{"line":52,"column":16},"end":{"line":52,"column":58}},"24":{"start":{"line":55,"column":12},"end":{"line":73,"column":15}},"25":{"start":{"line":56,"column":16},"end":{"line":56,"column":32}},"26":{"start":{"line":58,"column":16},"end":{"line":58,"column":86}},"27":{"start":{"line":60,"column":16},"end":{"line":72,"column":17}},"28":{"start":{"line":61,"column":20},"end":{"line":66,"column":22}},"29":{"start":{"line":62,"column":24},"end":{"line":62,"column":54}},"30":{"start":{"line":63,"column":24},"end":{"line":65,"column":25}},"31":{"start":{"line":64,"column":28},"end":{"line":64,"column":52}},"32":{"start":{"line":67,"column":20},"end":{"line":71,"column":23}},"33":{"start":{"line":69,"column":28},"end":{"line":69,"column":56}},"34":{"start":{"line":75,"column":12},"end":{"line":78,"column":15}},"35":{"start":{"line":76,"column":16},"end":{"line":76,"column":54}},"36":{"start":{"line":77,"column":16},"end":{"line":77,"column":96}},"37":{"start":{"line":80,"column":12},"end":{"line":83,"column":15}},"38":{"start":{"line":81,"column":16},"end":{"line":81,"column":54}},"39":{"start":{"line":82,"column":16},"end":{"line":82,"column":94}},"40":{"start":{"line":85,"column":12},"end":{"line":88,"column":15}},"41":{"start":{"line":87,"column":16},"end":{"line":87,"column":60}}},"branchMap":{"1":{"line":2,"type":"if","locations":[{"start":{"line":2,"column":4},"end":{"line":2,"column":4}},{"start":{"line":2,"column":4},"end":{"line":2,"column":4}}]},"2":{"line":4,"type":"if","locations":[{"start":{"line":4,"column":11},"end":{"line":4,"column":11}},{"start":{"line":4,"column":11},"end":{"line":4,"column":11}}]},"3":{"line":4,"type":"binary-expr","locations":[{"start":{"line":4,"column":15},"end":{"line":4,"column":43}},{"start":{"line":4,"column":47},"end":{"line":4,"column":57}}]},"4":{"line":8,"type":"binary-expr","locations":[{"start":{"line":8,"column":22},"end":{"line":8,"column":33}},{"start":{"line":8,"column":37},"end":{"line":8,"column":39}}]},"5":{"line":22,"type":"binary-expr","locations":[{"start":{"line":22,"column":27},"end":{"line":22,"column":32}},{"start":{"line":22,"column":36},"end":{"line":22,"column":58}}]},"6":{"line":28,"type":"cond-expr","locations":[{"start":{"line":28,"column":47},"end":{"line":28,"column":59}},{"start":{"line":28,"column":62},"end":{"line":28,"column":70}}]},"7":{"line":58,"type":"binary-expr","locations":[{"start":{"line":58,"column":35},"end":{"line":58,"column":40}},{"start":{"line":58,"column":44},"end":{"line":58,"column":46}}]},"8":{"line":60,"type":"if","locations":[{"start":{"line":60,"column":16},"end":{"line":60,"column":16}},{"start":{"line":60,"column":16},"end":{"line":60,"column":16}}]},"9":{"line":63,"type":"if","locations":[{"start":{"line":63,"column":24},"end":{"line":63,"column":24}},{"start":{"line":63,"column":24},"end":{"line":63,"column":24}}]}}}}