TN:
SF:/home/jmu/Projects/unexpected-moment/lib/unexpected-moment.js
FN:1,(anonymous_1)
FN:11,(anonymous_2)
FN:17,(anonymous_3)
FN:21,(anonymous_4)
FN:24,(anonymous_5)
FN:27,(anonymous_6)
FN:34,(anonymous_7)
FN:39,(anonymous_8)
FN:43,(anonymous_9)
FN:47,(anonymous_10)
FN:51,(anonymous_11)
FN:55,(anonymous_12)
FN:61,(anonymous_13)
FN:68,(anonymous_14)
FN:75,(anonymous_15)
FN:80,(anonymous_16)
FN:85,(anonymous_17)
FNF:17
FNH:12
FNDA:1,(anonymous_1)
FNDA:1,(anonymous_2)
FNDA:2,(anonymous_3)
FNDA:885,(anonymous_4)
FNDA:0,(anonymous_5)
FNDA:0,(anonymous_6)
FNDA:0,(anonymous_7)
FNDA:2,(anonymous_8)
FNDA:12,(anonymous_9)
FNDA:12,(anonymous_10)
FNDA:9,(anonymous_11)
FNDA:77,(anonymous_12)
FNDA:0,(anonymous_13)
FNDA:0,(anonymous_14)
FNDA:19,(anonymous_15)
FNDA:19,(anonymous_16)
FNDA:19,(anonymous_17)
DA:1,1
DA:2,1
DA:3,1
DA:4,0
DA:5,0
DA:8,0
DA:9,0
DA:12,1
DA:14,1
DA:18,2
DA:22,885
DA:25,0
DA:28,0
DA:29,0
DA:35,0
DA:39,2
DA:40,2
DA:43,2
DA:44,12
DA:47,2
DA:48,12
DA:51,2
DA:52,9
DA:55,2
DA:56,77
DA:58,77
DA:60,77
DA:61,0
DA:62,0
DA:63,0
DA:64,0
DA:67,0
DA:69,0
DA:75,2
DA:76,19
DA:77,19
DA:80,2
DA:81,19
DA:82,19
DA:85,2
DA:87,19
LF:41
LH:27
BRDA:2,1,0,1
BRDA:2,1,1,0
BRDA:4,2,0,0
BRDA:4,2,1,0
BRDA:4,3,0,0
BRDA:4,3,1,0
BRDA:8,4,0,0
BRDA:8,4,1,0
BRDA:22,5,0,885
BRDA:22,5,1,738
BRDA:28,6,0,0
BRDA:28,6,1,0
BRDA:58,7,0,77
BRDA:58,7,1,4
BRDA:60,8,0,0
BRDA:60,8,1,77
BRDA:63,9,0,0
BRDA:63,9,1,0
BRF:18
BRH:6
end_of_record
